Using pre-set license
Built from '2020.3/staging' branch; Version is '2020.3.0f1 (c7b5465681fb) revision 13088070'; Using compiler version '192528614'; Build Type 'Release'
OS: 'Windows 10 Home; OS build 19043.1110; Version 2009; 64bit' Language: 'en' Physical Memory: 16250 MB
BatchMode: 1, IsHumanControllingUs: 0, StartBugReporterOnCrash: 0, Is64bit: 1, IsPro: 0

 COMMAND LINE ARGUMENTS:
D:\Programs\Unity\2020.3.0f1\Editor\Unity.exe
-adb2
-batchMode
-noUpm
-name
AssetImportWorker0
-projectPath
D:/Projects/TowerDefense/TowerDefense/TowerDefense
-logFile
Logs/AssetImportWorker0.log
-srvPort
64382
Successfully changed project path to: D:/Projects/TowerDefense/TowerDefense/TowerDefense
D:/Projects/TowerDefense/TowerDefense/TowerDefense
Using Asset Import Pipeline V2.
Refreshing native plugins compatible for Editor in 36.01 ms, found 0 plugins.
Preloading 0 native plugins for Editor in 0.00 ms.
Initialize engine version: 2020.3.0f1 (c7b5465681fb)
[Subsystems] Discovering subsystems at path D:/Programs/Unity/2020.3.0f1/Editor/Data/Resources/UnitySubsystems
[Subsystems] Discovering subsystems at path D:/Projects/TowerDefense/TowerDefense/TowerDefense/Assets
GfxDevice: creating device client; threaded=0
Direct3D:
    Version:  Direct3D 11.0 [level 11.1]
    Renderer: NVIDIA GeForce GTX 1050 Ti (ID=0x1c8c)
    Vendor:   
    VRAM:     4018 MB
    Driver:   30.0.14.7111
Initialize mono
Mono path[0] = 'D:/Programs/Unity/2020.3.0f1/Editor/Data/Managed'
Mono path[1] = 'D:/Programs/Unity/2020.3.0f1/Editor/Data/MonoBleedingEdge/lib/mono/unityjit'
Mono config path = 'D:/Programs/Unity/2020.3.0f1/Editor/Data/MonoBleedingEdge/etc'
Using monoOptions --debugger-agent=transport=dt_socket,embedding=1,server=y,suspend=n,address=127.0.0.1:56304
Begin MonoManager ReloadAssembly
Registering precompiled unity dll's ...
Register platform support module: D:/Programs/Unity/2020.3.0f1/Editor/Data/PlaybackEngines/WebGLSupport/UnityEditor.WebGL.Extensions.dll
Register platform support module: D:/Programs/Unity/2020.3.0f1/Editor/Data/PlaybackEngines/WindowsStandaloneSupport/UnityEditor.WindowsStandalone.Extensions.dll
Registered in 0.001441 seconds.
Native extension for WindowsStandalone target not found
Native extension for WebGL target not found
Refreshing native plugins compatible for Editor in 33.07 ms, found 0 plugins.
Preloading 0 native plugins for Editor in 0.00 ms.
Invoked RoslynAnalysisRunner static constructor.
RoslynAnalysisRunner will not be running.
RoslynAnalysisRunner has terminated.
Mono: successfully reloaded assembly
- Completed reload, in  2.055 seconds
Platform modules already initialized, skipping
Registering precompiled user dll's ...
Registered in 0.000865 seconds.
Begin MonoManager ReloadAssembly
Native extension for WindowsStandalone target not found
Native extension for WebGL target not found
Refreshing native plugins compatible for Editor in 0.31 ms, found 0 plugins.
Preloading 0 native plugins for Editor in 0.00 ms.
Invoked RoslynAnalysisRunner static constructor.
RoslynAnalysisRunner will not be running.
RoslynAnalysisRunner has terminated.
Mono: successfully reloaded assembly
- Completed reload, in  1.131 seconds
Platform modules already initialized, skipping
========================================================================
Worker process is ready to serve import requests
Launched and connected shader compiler UnityShaderCompiler.exe after 0.08 seconds
Refreshing native plugins compatible for Editor in 0.30 ms, found 0 plugins.
Preloading 0 native plugins for Editor in 0.00 ms.
Unloading 1206 Unused Serialized files (Serialized files now loaded: 0)
System memory in use before: 61.7 MB.
System memory in use after: 61.8 MB.

Unloading 9 unused Assets to reduce memory usage. Loaded Objects now: 1650.
Total: 4.136400 ms (FindLiveObjects: 1.186100 ms CreateObjectMapping: 0.228500 ms MarkObjects: 2.621600 ms  DeleteObjects: 0.091100 ms)

========================================================================
Received Import Request.
  path: Assets/Fantasy Skybox FREE/Materials/FS002/FS002_Day_Sunless.png
  artifactKey: Guid(e2c576b6d07638b468b5ba303a3a07cb) Importer(815301076,1909f56bfc062723c751e8b465ee728b)
Start importing Assets/Fantasy Skybox FREE/Materials/FS002/FS002_Day_Sunless.png using Guid(e2c576b6d07638b468b5ba303a3a07cb) Importer(815301076,1909f56bfc062723c751e8b465ee728b)  -> (artifact id: '35201104071a5d185870d8b0c28d2ba3') in 0.175393 seconds
  Import took 0.179104 seconds .

========================================================================
Received Import Request.
  Time since last request: 0.000290 seconds.
  path: Assets/Fantasy Skybox FREE/Materials/Classic
  artifactKey: Guid(69ee00d9176dabc4687615071b161c20) Importer(815301076,1909f56bfc062723c751e8b465ee728b)
Start importing Assets/Fantasy Skybox FREE/Materials/Classic using Guid(69ee00d9176dabc4687615071b161c20) Importer(815301076,1909f56bfc062723c751e8b465ee728b)  -> (artifact id: 'b35007e7260d8ae951c60bd435d34b96') in 0.009050 seconds
  Import took 0.011580 seconds .

========================================================================
Received Import Request.
  Time since last request: 0.000328 seconds.
  path: Assets/Fantasy Skybox FREE/Materials/Classic/FS000_Day_04_Sunless.mat
  artifactKey: Guid(e1ec0e2320d2d4fb9a393769378ce0a1) Importer(815301076,1909f56bfc062723c751e8b465ee728b)
Start importing Assets/Fantasy Skybox FREE/Materials/Classic/FS000_Day_04_Sunless.mat using Guid(e1ec0e2320d2d4fb9a393769378ce0a1) Importer(815301076,1909f56bfc062723c751e8b465ee728b)  -> (artifact id: '4893e0bccc0c705cf0ac2fe365cc1106') in 0.198192 seconds
  Import took 0.201389 seconds .

========================================================================
Received Import Request.
  Time since last request: 0.000264 seconds.
  path: Assets/Fantasy Skybox FREE/Materials/Classic/FS000_Day_06_Sunless.mat
  artifactKey: Guid(5c8d5031ce45e4962818ca2b5426a8cf) Importer(815301076,1909f56bfc062723c751e8b465ee728b)
Start importing Assets/Fantasy Skybox FREE/Materials/Classic/FS000_Day_06_Sunless.mat using Guid(5c8d5031ce45e4962818ca2b5426a8cf) Importer(815301076,1909f56bfc062723c751e8b465ee728b)  -> (artifact id: '1c57b6c86d6039daa1fa48db009a3d40') in 0.028384 seconds
  Import took 0.032034 seconds .

========================================================================
Received Import Request.
  Time since last request: 0.000335 seconds.
  path: Assets/Fantasy Skybox FREE/Materials/Classic/FS000_Day_03_Sunless.mat
  artifactKey: Guid(8f2c8ef98c47442d4b0e1896539bf7f1) Importer(815301076,1909f56bfc062723c751e8b465ee728b)
Start importing Assets/Fantasy Skybox FREE/Materials/Classic/FS000_Day_03_Sunless.mat using Guid(8f2c8ef98c47442d4b0e1896539bf7f1) Importer(815301076,1909f56bfc062723c751e8b465ee728b)  -> (artifact id: 'fc69ec5458fa0eb35183c83021470e20') in 0.031449 seconds
  Import took 0.035246 seconds .

========================================================================
Received Import Request.
  Time since last request: 0.000259 seconds.
  path: Assets/Fantasy Skybox FREE/Materials/FS002/FS002_Day_Sunless.mat
  artifactKey: Guid(67950864b84c5db4f9eee7ca51c85571) Importer(815301076,1909f56bfc062723c751e8b465ee728b)
Start importing Assets/Fantasy Skybox FREE/Materials/FS002/FS002_Day_Sunless.mat using Guid(67950864b84c5db4f9eee7ca51c85571) Importer(815301076,1909f56bfc062723c751e8b465ee728b)  -> (artifact id: '2bffacc5a9db2c4103fe4c96946e237a') in 0.107926 seconds
  Import took 0.110433 seconds .

========================================================================
Received Import Request.
  Time since last request: 0.000245 seconds.
  path: Assets/Fantasy Skybox FREE/Materials/Classic/FS000_Day_03_Sunless.png
  artifactKey: Guid(6b057cc84b9df8440b171f96ff306279) Importer(815301076,1909f56bfc062723c751e8b465ee728b)
Start importing Assets/Fantasy Skybox FREE/Materials/Classic/FS000_Day_03_Sunless.png using Guid(6b057cc84b9df8440b171f96ff306279) Importer(815301076,1909f56bfc062723c751e8b465ee728b)  -> (artifact id: '86d8ef7d4457b8dd5591fc0c8008e7e9') in 0.071768 seconds
  Import took 0.074215 seconds .

========================================================================
Received Import Request.
  Time since last request: 0.000222 seconds.
  path: Assets/Fantasy Skybox FREE/Materials
  artifactKey: Guid(e0454b514da2ecd429e000f40050d4fa) Importer(815301076,1909f56bfc062723c751e8b465ee728b)
Start importing Assets/Fantasy Skybox FREE/Materials using Guid(e0454b514da2ecd429e000f40050d4fa) Importer(815301076,1909f56bfc062723c751e8b465ee728b)  -> (artifact id: 'db1527f6c8f4545f5109475c8fdaa94e') in 0.008497 seconds
  Import took 0.010651 seconds .

========================================================================
Received Import Request.
  Time since last request: 0.000220 seconds.
  path: Assets/Fantasy Skybox FREE/Materials/Classic/FS000_Night_01_Moonless.mat
  artifactKey: Guid(1065b432639a84123a07ea43fe5ba4c9) Importer(815301076,1909f56bfc062723c751e8b465ee728b)
Start importing Assets/Fantasy Skybox FREE/Materials/Classic/FS000_Night_01_Moonless.mat using Guid(1065b432639a84123a07ea43fe5ba4c9) Importer(815301076,1909f56bfc062723c751e8b465ee728b)  -> (artifact id: 'eae40a6b7564376c3c931223f3c1ff6d') in 0.020912 seconds
  Import took 0.023531 seconds .

========================================================================
Received Import Request.
  Time since last request: 0.000205 seconds.
  path: Assets/Fantasy Skybox FREE/Materials/FS002/FS002_Sunset.png
  artifactKey: Guid(88c4ef1770f6491408e50fd96829b1b6) Importer(815301076,1909f56bfc062723c751e8b465ee728b)
Start importing Assets/Fantasy Skybox FREE/Materials/FS002/FS002_Sunset.png using Guid(88c4ef1770f6491408e50fd96829b1b6) Importer(815301076,1909f56bfc062723c751e8b465ee728b)  -> (artifact id: '9fe9f915b3960c0f6bd32b6b7acf3cb1') in 0.022061 seconds
  Import took 0.027208 seconds .

========================================================================
Received Import Request.
  Time since last request: 0.000273 seconds.
  path: Assets/Fantasy Skybox FREE/Materials/FS002/FS002_Sunset.mat
  artifactKey: Guid(44d0573bf6d91e447b62f3aff840f2ae) Importer(815301076,1909f56bfc062723c751e8b465ee728b)
Start importing Assets/Fantasy Skybox FREE/Materials/FS002/FS002_Sunset.mat using Guid(44d0573bf6d91e447b62f3aff840f2ae) Importer(815301076,1909f56bfc062723c751e8b465ee728b)  -> (artifact id: 'e8c6ea204e73c4fadd560c0dbc1a0b40') in 0.019908 seconds
  Import took 0.022125 seconds .

========================================================================
Received Import Request.
  Time since last request: 0.000192 seconds.
  path: Assets/Fantasy Skybox FREE/Materials/Classic/FS000_Day_05_Sunless.mat
  artifactKey: Guid(eea6dc32b86944868a305f6c94f8d7e4) Importer(815301076,1909f56bfc062723c751e8b465ee728b)
Start importing Assets/Fantasy Skybox FREE/Materials/Classic/FS000_Day_05_Sunless.mat using Guid(eea6dc32b86944868a305f6c94f8d7e4) Importer(815301076,1909f56bfc062723c751e8b465ee728b)  -> (artifact id: 'fbcf6997e08473764021bead345a0a27') in 0.029586 seconds
  Import took 0.031888 seconds .

========================================================================
Received Import Request.
  Time since last request: 0.000238 seconds.
  path: Assets/Fantasy Skybox FREE/Materials/FS002/FS002_Night_Moonless.png
  artifactKey: Guid(13ec4f589b2340646969832fc2e68ec6) Importer(815301076,1909f56bfc062723c751e8b465ee728b)
Start importing Assets/Fantasy Skybox FREE/Materials/FS002/FS002_Night_Moonless.png using Guid(13ec4f589b2340646969832fc2e68ec6) Importer(815301076,1909f56bfc062723c751e8b465ee728b)  -> (artifact id: '8f21d3b1c486af6ec68b37e7a18f3b62') in 0.017311 seconds
  Import took 0.020945 seconds .

========================================================================
Received Import Request.
  Time since last request: 0.000770 seconds.
  path: Assets/Fantasy Skybox FREE/Materials/FS002/FS002_Day.mat
  artifactKey: Guid(9ca22510633fbfd4399f1704cd9d5c72) Importer(815301076,1909f56bfc062723c751e8b465ee728b)
Start importing Assets/Fantasy Skybox FREE/Materials/FS002/FS002_Day.mat using Guid(9ca22510633fbfd4399f1704cd9d5c72) Importer(815301076,1909f56bfc062723c751e8b465ee728b)  -> (artifact id: 'd6058df1359813d28b4027881ecf442f') in 0.023192 seconds
  Import took 0.029059 seconds .

========================================================================
Received Import Request.
  Time since last request: 0.000356 seconds.
  path: Assets/Fantasy Skybox FREE/Materials/FS002/FS002_Night.mat
  artifactKey: Guid(d1fdb8e44b28da34d9e922cca0bc740e) Importer(815301076,1909f56bfc062723c751e8b465ee728b)
Start importing Assets/Fantasy Skybox FREE/Materials/FS002/FS002_Night.mat using Guid(d1fdb8e44b28da34d9e922cca0bc740e) Importer(815301076,1909f56bfc062723c751e8b465ee728b)  -> (artifact id: 'ccf58e2290eca19dd7dd62235468bfe5') in 0.023085 seconds
  Import took 0.028858 seconds .

========================================================================
Received Import Request.
  Time since last request: 0.000243 seconds.
  path: Assets/Fantasy Skybox FREE/Materials/Classic/FS000_Day_02.mat
  artifactKey: Guid(fa95802f80bd745cfb5e9c89f7e22341) Importer(815301076,1909f56bfc062723c751e8b465ee728b)
Start importing Assets/Fantasy Skybox FREE/Materials/Classic/FS000_Day_02.mat using Guid(fa95802f80bd745cfb5e9c89f7e22341) Importer(815301076,1909f56bfc062723c751e8b465ee728b)  -> (artifact id: '3e5f2bcfefd62cf533b345812afc0b1e') in 0.018904 seconds
  Import took 0.023774 seconds .

========================================================================
Received Import Request.
  Time since last request: 0.000686 seconds.
  path: Assets/Fantasy Skybox FREE/Materials/FS002/FS002_Snowy.png
  artifactKey: Guid(0ffe8585761fae642bd4d7d85819a5f5) Importer(815301076,1909f56bfc062723c751e8b465ee728b)
Start importing Assets/Fantasy Skybox FREE/Materials/FS002/FS002_Snowy.png using Guid(0ffe8585761fae642bd4d7d85819a5f5) Importer(815301076,1909f56bfc062723c751e8b465ee728b)  -> (artifact id: '97f8ab020c2ac9fa5b8102a57ef29f49') in 0.020755 seconds
  Import took 0.027081 seconds .

========================================================================
Received Import Request.
  Time since last request: 0.000251 seconds.
  path: Assets/Fantasy Skybox FREE/Materials/Classic/FS000_Day_06.mat
  artifactKey: Guid(123caa41e84e041d0bd65bb3ae888dd1) Importer(815301076,1909f56bfc062723c751e8b465ee728b)
Start importing Assets/Fantasy Skybox FREE/Materials/Classic/FS000_Day_06.mat using Guid(123caa41e84e041d0bd65bb3ae888dd1) Importer(815301076,1909f56bfc062723c751e8b465ee728b)  -> (artifact id: '99a177a45d0f1fd098455168f85a0537') in 0.026132 seconds
  Import took 0.028733 seconds .

========================================================================
Received Import Request.
  Time since last request: 0.000244 seconds.
  path: Assets/Fantasy Skybox FREE/Materials/Classic/FS000_Day_03.mat
  artifactKey: Guid(33ab377b49aa14f6fae6e5bac230a5d4) Importer(815301076,1909f56bfc062723c751e8b465ee728b)
Start importing Assets/Fantasy Skybox FREE/Materials/Classic/FS000_Day_03.mat using Guid(33ab377b49aa14f6fae6e5bac230a5d4) Importer(815301076,1909f56bfc062723c751e8b465ee728b)  -> (artifact id: 'bbb7c0d5bb8529f3b0ec419820a6add8') in 0.021074 seconds
  Import took 0.023653 seconds .

========================================================================
Received Import Request.
  Time since last request: 0.002190 seconds.
  path: Assets/Fantasy Skybox FREE/Materials/FS002/FS002_Sunrise.png
  artifactKey: Guid(7deb3454b299fae498f2365d40aee326) Importer(815301076,1909f56bfc062723c751e8b465ee728b)
Start importing Assets/Fantasy Skybox FREE/Materials/FS002/FS002_Sunrise.png using Guid(7deb3454b299fae498f2365d40aee326) Importer(815301076,1909f56bfc062723c751e8b465ee728b)  -> (artifact id: 'e6b79f879337e474a24cb66a41127498') in 0.021382 seconds
  Import took 0.026059 seconds .

========================================================================
Received Import Request.
  Time since last request: 0.000214 seconds.
  path: Assets/Fantasy Skybox FREE/Materials/Classic/FS000_Day_05.mat
  artifactKey: Guid(e11f5b66aad75483b8cd16ee18a0c917) Importer(815301076,1909f56bfc062723c751e8b465ee728b)
Start importing Assets/Fantasy Skybox FREE/Materials/Classic/FS000_Day_05.mat using Guid(e11f5b66aad75483b8cd16ee18a0c917) Importer(815301076,1909f56bfc062723c751e8b465ee728b)  -> (artifact id: '8124fcf2698ec11f41d5f2ff309187d8') in 0.030641 seconds
  Import took 0.032883 seconds .

========================================================================
Received Import Request.
  Time since last request: 0.000189 seconds.
  path: Assets/Fantasy Skybox FREE/Materials/Classic/FS000_Night_03.png
  artifactKey: Guid(df8d1504e61fa6046bbb3b99bf96da1a) Importer(815301076,1909f56bfc062723c751e8b465ee728b)
Start importing Assets/Fantasy Skybox FREE/Materials/Classic/FS000_Night_03.png using Guid(df8d1504e61fa6046bbb3b99bf96da1a) Importer(815301076,1909f56bfc062723c751e8b465ee728b)  -> (artifact id: 'da17c31fbbf30c77f626c8ae2f0e90f1') in 0.061502 seconds
  Import took 0.063746 seconds .

========================================================================
Received Import Request.
  Time since last request: 0.000244 seconds.
  path: Assets/Fantasy Skybox FREE/Materials/Classic/FS000_Day_02_Sunless.mat
  artifactKey: Guid(99a400087584f4263b1a8979d6007ad4) Importer(815301076,1909f56bfc062723c751e8b465ee728b)
Start importing Assets/Fantasy Skybox FREE/Materials/Classic/FS000_Day_02_Sunless.mat using Guid(99a400087584f4263b1a8979d6007ad4) Importer(815301076,1909f56bfc062723c751e8b465ee728b)  -> (artifact id: '0ff15152c6e1ebc6cc27817a35f2e2f5') in 0.022047 seconds
  Import took 0.027769 seconds .

========================================================================
Received Import Request.
  Time since last request: 0.001048 seconds.
  path: Assets/Fantasy Skybox FREE/Materials/FS002/FS002_Day.png
  artifactKey: Guid(90bac99dc822bf641b140cdc291b845e) Importer(815301076,1909f56bfc062723c751e8b465ee728b)
Start importing Assets/Fantasy Skybox FREE/Materials/FS002/FS002_Day.png using Guid(90bac99dc822bf641b140cdc291b845e) Importer(815301076,1909f56bfc062723c751e8b465ee728b)  -> (artifact id: 'c955812ccfe655d759130e4074fb0b31') in 0.020509 seconds
  Import took 0.023948 seconds .

========================================================================
Received Import Request.
  Time since last request: 0.000239 seconds.
  path: Assets/Fantasy Skybox FREE/Materials/FS002/FS002_Night.png
  artifactKey: Guid(3cf4d52b14bd4254d9f4fd063f8d9bfd) Importer(815301076,1909f56bfc062723c751e8b465ee728b)
Start importing Assets/Fantasy Skybox FREE/Materials/FS002/FS002_Night.png using Guid(3cf4d52b14bd4254d9f4fd063f8d9bfd) Importer(815301076,1909f56bfc062723c751e8b465ee728b)  -> (artifact id: 'dda36a82d70722994c3a3df2b99c16ed') in 0.024499 seconds
  Import took 0.027193 seconds .

========================================================================
Received Import Request.
  Time since last request: 0.000237 seconds.
  path: Assets/Fantasy Skybox FREE/Materials/FS002/FS002_Night_Moonless.mat
  artifactKey: Guid(1cc6e6796f833a94f94e6d794ca654c3) Importer(815301076,1909f56bfc062723c751e8b465ee728b)
Start importing Assets/Fantasy Skybox FREE/Materials/FS002/FS002_Night_Moonless.mat using Guid(1cc6e6796f833a94f94e6d794ca654c3) Importer(815301076,1909f56bfc062723c751e8b465ee728b)  -> (artifact id: '5f0746d7c4afb6c123b4dc15cc61c0f8') in 0.021949 seconds
  Import took 0.024487 seconds .

========================================================================
Received Import Request.
  Time since last request: 0.000253 seconds.
  path: Assets/Fantasy Skybox FREE/Materials/Classic/FS000_Day_01.png
  artifactKey: Guid(1331a26d2843a1148a23d5ddc81629dc) Importer(815301076,1909f56bfc062723c751e8b465ee728b)
Start importing Assets/Fantasy Skybox FREE/Materials/Classic/FS000_Day_01.png using Guid(1331a26d2843a1148a23d5ddc81629dc) Importer(815301076,1909f56bfc062723c751e8b465ee728b)  -> (artifact id: 'f13645d82afca3830437d03969ecf111') in 0.059339 seconds
  Import took 0.064316 seconds .

========================================================================
Received Import Request.
  Time since last request: 0.000212 seconds.
  path: Assets/Fantasy Skybox FREE/Materials/Classic/FS000_Day_04.mat
  artifactKey: Guid(1700716a8dd8948cf8c66ea34a2786d5) Importer(815301076,1909f56bfc062723c751e8b465ee728b)
Start importing Assets/Fantasy Skybox FREE/Materials/Classic/FS000_Day_04.mat using Guid(1700716a8dd8948cf8c66ea34a2786d5) Importer(815301076,1909f56bfc062723c751e8b465ee728b)  -> (artifact id: '6c9f10c0c0bfe3a912e8d921d4a3193f') in 0.025942 seconds
  Import took 0.028331 seconds .

========================================================================
Received Import Request.
  Time since last request: 0.000701 seconds.
  path: Assets/Fantasy Skybox FREE/Materials/Classic/FS000_Day_05_Sunless.png
  artifactKey: Guid(33762238fbd938c4c97707195d7e97e2) Importer(815301076,1909f56bfc062723c751e8b465ee728b)
Start importing Assets/Fantasy Skybox FREE/Materials/Classic/FS000_Day_05_Sunless.png using Guid(33762238fbd938c4c97707195d7e97e2) Importer(815301076,1909f56bfc062723c751e8b465ee728b)  -> (artifact id: '0499bc01947beb143744632bb9773bcb') in 0.055321 seconds
  Import took 0.064721 seconds .

========================================================================
Received Import Request.
  Time since last request: 0.000265 seconds.
  path: Assets/Fantasy Skybox FREE/Materials/Classic/FS000_Day_04.png
  artifactKey: Guid(599e20092e3297247ad7ecc4ba9caf00) Importer(815301076,1909f56bfc062723c751e8b465ee728b)
Start importing Assets/Fantasy Skybox FREE/Materials/Classic/FS000_Day_04.png using Guid(599e20092e3297247ad7ecc4ba9caf00) Importer(815301076,1909f56bfc062723c751e8b465ee728b)  -> (artifact id: '01e7391b5d1aa5cfd333618a1106300c') in 0.066592 seconds
  Import took 0.069752 seconds .

========================================================================
Received Import Request.
  Time since last request: 0.000263 seconds.
  path: Assets/Fantasy Skybox FREE/Materials/FS002
  artifactKey: Guid(c862ef60191075042a6f4ac7dd6f19b1) Importer(815301076,1909f56bfc062723c751e8b465ee728b)
Start importing Assets/Fantasy Skybox FREE/Materials/FS002 using Guid(c862ef60191075042a6f4ac7dd6f19b1) Importer(815301076,1909f56bfc062723c751e8b465ee728b)  -> (artifact id: 'a75626ac0ba12244ee7aad74017c7f50') in 0.010628 seconds
  Import took 0.015864 seconds .

========================================================================
Received Import Request.
  Time since last request: 0.000321 seconds.
  path: Assets/Fantasy Skybox FREE/Materials/Classic/FS000_Day_03.png
  artifactKey: Guid(24941804827e1524eb70477f7f68a111) Importer(815301076,1909f56bfc062723c751e8b465ee728b)
Start importing Assets/Fantasy Skybox FREE/Materials/Classic/FS000_Day_03.png using Guid(24941804827e1524eb70477f7f68a111) Importer(815301076,1909f56bfc062723c751e8b465ee728b)  -> (artifact id: '56c431a2ec00c6ee426d5efbb39d95b4') in 0.061399 seconds
  Import took 0.064384 seconds .

========================================================================
Received Import Request.
  Time since last request: 0.000196 seconds.
  path: Assets/Fantasy Skybox FREE/Materials/Classic/FS000_Night_02_Moonless.png
  artifactKey: Guid(6b1d9786203d21246bc448213b0f9aed) Importer(815301076,1909f56bfc062723c751e8b465ee728b)
Start importing Assets/Fantasy Skybox FREE/Materials/Classic/FS000_Night_02_Moonless.png using Guid(6b1d9786203d21246bc448213b0f9aed) Importer(815301076,1909f56bfc062723c751e8b465ee728b)  -> (artifact id: 'b3715258ebfb96303ecadf3ac107e151') in 0.054601 seconds
  Import took 0.056893 seconds .

========================================================================
Received Import Request.
  Time since last request: 0.001239 seconds.
  path: Assets/Fantasy Skybox FREE/Materials/Classic/FS000_Day_01.mat
  artifactKey: Guid(12ccb828343c3405fb94289774b51aad) Importer(815301076,1909f56bfc062723c751e8b465ee728b)
Start importing Assets/Fantasy Skybox FREE/Materials/Classic/FS000_Day_01.mat using Guid(12ccb828343c3405fb94289774b51aad) Importer(815301076,1909f56bfc062723c751e8b465ee728b)  -> (artifact id: 'b7aae181fa0e63a79dba7b806c5711ba') in 0.017476 seconds
  Import took 0.024496 seconds .

========================================================================
Received Import Request.
  Time since last request: 0.000291 seconds.
  path: Assets/Fantasy Skybox FREE
  artifactKey: Guid(a2f5c6a026c12f3498dbf115d3c07453) Importer(815301076,1909f56bfc062723c751e8b465ee728b)
Start importing Assets/Fantasy Skybox FREE using Guid(a2f5c6a026c12f3498dbf115d3c07453) Importer(815301076,1909f56bfc062723c751e8b465ee728b)  -> (artifact id: '2f595b4fe49e667f88f6d4658728df5a') in 0.013231 seconds
  Import took 0.015727 seconds .

========================================================================
Received Import Request.
  Time since last request: 0.000207 seconds.
  path: Assets/Fantasy Skybox FREE/Materials/Classic/FS000_Night_02.mat
  artifactKey: Guid(8202c457dff32486ba5ae1f2f548d983) Importer(815301076,1909f56bfc062723c751e8b465ee728b)
Start importing Assets/Fantasy Skybox FREE/Materials/Classic/FS000_Night_02.mat using Guid(8202c457dff32486ba5ae1f2f548d983) Importer(815301076,1909f56bfc062723c751e8b465ee728b)  -> (artifact id: 'f5b5ec440a88b7abadca020652c040b0') in 0.019775 seconds
  Import took 0.022135 seconds .

========================================================================
Received Import Request.
  Time since last request: 0.000577 seconds.
  path: Assets/Fantasy Skybox FREE/Materials/Classic/FS000_Day_05.png
  artifactKey: Guid(3b9c8413bb7d59b4dbd832a9122271cb) Importer(815301076,1909f56bfc062723c751e8b465ee728b)
Start importing Assets/Fantasy Skybox FREE/Materials/Classic/FS000_Day_05.png using Guid(3b9c8413bb7d59b4dbd832a9122271cb) Importer(815301076,1909f56bfc062723c751e8b465ee728b)  -> (artifact id: '8a619718a17f2d9caf30ebfec9f76b15') in 0.058328 seconds
  Import took 0.063451 seconds .

========================================================================
Received Import Request.
  Time since last request: 0.000197 seconds.
  path: Assets/Fantasy Skybox FREE/Materials/Classic/FS000_Night_01.mat
  artifactKey: Guid(ab675e6698bde46fd87143fb0d7580cb) Importer(815301076,1909f56bfc062723c751e8b465ee728b)
Start importing Assets/Fantasy Skybox FREE/Materials/Classic/FS000_Night_01.mat using Guid(ab675e6698bde46fd87143fb0d7580cb) Importer(815301076,1909f56bfc062723c751e8b465ee728b)  -> (artifact id: 'c2ae1386b9faffbaa660db9520e7299b') in 0.017821 seconds
  Import took 0.020336 seconds .

========================================================================
Received Import Request.
  Time since last request: 0.001606 seconds.
  path: Assets/Fantasy Skybox FREE/Materials/Classic/FS000_Night_03_Moonless.png
  artifactKey: Guid(72dbfaf2e11e92744a2ff15822b9079f) Importer(815301076,1909f56bfc062723c751e8b465ee728b)
Start importing Assets/Fantasy Skybox FREE/Materials/Classic/FS000_Night_03_Moonless.png using Guid(72dbfaf2e11e92744a2ff15822b9079f) Importer(815301076,1909f56bfc062723c751e8b465ee728b)  -> (artifact id: '7bbcf93b08cd1215692df0eee23ae499') in 0.055875 seconds
  Import took 0.060683 seconds .

========================================================================
Received Import Request.
  Time since last request: 0.000192 seconds.
  path: Assets/Fantasy Skybox FREE/Materials/Classic/FS000_Day_01_Sunless.png
  artifactKey: Guid(d6a64d96999aec647a489f7d73c1a4c6) Importer(815301076,1909f56bfc062723c751e8b465ee728b)
Start importing Assets/Fantasy Skybox FREE/Materials/Classic/FS000_Day_01_Sunless.png using Guid(d6a64d96999aec647a489f7d73c1a4c6) Importer(815301076,1909f56bfc062723c751e8b465ee728b)  -> (artifact id: '79bb7a08e4d80b21315e0f8a0691807d') in 0.050799 seconds
  Import took 0.053226 seconds .

========================================================================
Received Import Request.
  Time since last request: 0.000348 seconds.
  path: Assets/Fantasy Skybox FREE/Materials/Classic/FS000_Night_02_Moonless.mat
  artifactKey: Guid(94caf2ba4ca5e46bfaba53afcc8778dd) Importer(815301076,1909f56bfc062723c751e8b465ee728b)
Start importing Assets/Fantasy Skybox FREE/Materials/Classic/FS000_Night_02_Moonless.mat using Guid(94caf2ba4ca5e46bfaba53afcc8778dd) Importer(815301076,1909f56bfc062723c751e8b465ee728b)  -> (artifact id: '0745d4754f15eed20def601fd29b2700') in 0.018992 seconds
  Import took 0.024899 seconds .

========================================================================
Received Import Request.
  Time since last request: 0.000212 seconds.
  path: Assets/Fantasy Skybox FREE/Materials/Classic/FS000_Day_04_Sunless.png
  artifactKey: Guid(0e981c5218a661d479182696be5f084f) Importer(815301076,1909f56bfc062723c751e8b465ee728b)
Start importing Assets/Fantasy Skybox FREE/Materials/Classic/FS000_Day_04_Sunless.png using Guid(0e981c5218a661d479182696be5f084f) Importer(815301076,1909f56bfc062723c751e8b465ee728b)  -> (artifact id: '12775ba7c23b5768b3b14666203897d7') in 0.056606 seconds
  Import took 0.062975 seconds .

========================================================================
Received Import Request.
  Time since last request: 0.000282 seconds.
  path: Assets/Fantasy Skybox FREE/Materials/Classic/FS000_Night_03_Moonless.mat
  artifactKey: Guid(42dc3b9b0dd2040fc9ef0182fdea0e50) Importer(815301076,1909f56bfc062723c751e8b465ee728b)
Start importing Assets/Fantasy Skybox FREE/Materials/Classic/FS000_Night_03_Moonless.mat using Guid(42dc3b9b0dd2040fc9ef0182fdea0e50) Importer(815301076,1909f56bfc062723c751e8b465ee728b)  -> (artifact id: '9758eb45d8d884888dd42c0be4c6c063') in 0.018527 seconds
  Import took 0.020848 seconds .

========================================================================
Received Import Request.
  Time since last request: 0.000261 seconds.
  path: Assets/Fantasy Skybox FREE/Materials/FS002/FS002_Rainy.mat
  artifactKey: Guid(b5a27fa4b11bfb24cbc6daff3802c229) Importer(815301076,1909f56bfc062723c751e8b465ee728b)
Start importing Assets/Fantasy Skybox FREE/Materials/FS002/FS002_Rainy.mat using Guid(b5a27fa4b11bfb24cbc6daff3802c229) Importer(815301076,1909f56bfc062723c751e8b465ee728b)  -> (artifact id: 'd49eb54a647c241d03e33aea07e0d17d') in 0.020979 seconds
  Import took 0.026022 seconds .

========================================================================
Received Import Request.
  Time since last request: 0.001030 seconds.
  path: Assets/Fantasy Skybox FREE/Materials/Classic/FS000_Night_01.png
  artifactKey: Guid(a64d2362d418d194f91274685fb10faf) Importer(815301076,1909f56bfc062723c751e8b465ee728b)
Start importing Assets/Fantasy Skybox FREE/Materials/Classic/FS000_Night_01.png using Guid(a64d2362d418d194f91274685fb10faf) Importer(815301076,1909f56bfc062723c751e8b465ee728b)  -> (artifact id: 'f6266a2c2e69ae51ff843b436531f696') in 0.056947 seconds
  Import took 0.061346 seconds .

========================================================================
Received Import Request.
  Time since last request: 0.000264 seconds.
  path: Assets/Fantasy Skybox FREE/Materials/Classic/FS000_Night_01_Moonless.png
  artifactKey: Guid(ac8a32e5107b67a47939926c52798a2b) Importer(815301076,1909f56bfc062723c751e8b465ee728b)
Start importing Assets/Fantasy Skybox FREE/Materials/Classic/FS000_Night_01_Moonless.png using Guid(ac8a32e5107b67a47939926c52798a2b) Importer(815301076,1909f56bfc062723c751e8b465ee728b)  -> (artifact id: '29a50eae9b3b6dc5191506363aff0093') in 0.056543 seconds
  Import took 0.062663 seconds .

========================================================================
Received Import Request.
  Time since last request: 0.000199 seconds.
  path: Assets/Fantasy Skybox FREE/Materials/FS002/FS002_Sunrise.mat
  artifactKey: Guid(7c86d4abbd33b564b9e773aceadb8572) Importer(815301076,1909f56bfc062723c751e8b465ee728b)
Start importing Assets/Fantasy Skybox FREE/Materials/FS002/FS002_Sunrise.mat using Guid(7c86d4abbd33b564b9e773aceadb8572) Importer(815301076,1909f56bfc062723c751e8b465ee728b)  -> (artifact id: '515c629497486bbad4755ae904971ce8') in 0.017286 seconds
  Import took 0.019358 seconds .

========================================================================
Received Import Request.
  Time since last request: 0.000233 seconds.
  path: Assets/Fantasy Skybox FREE/Materials/Classic/FS000_Day_01_Sunless.mat
  artifactKey: Guid(d48a7646f5d0547e889733d84b50cb9f) Importer(815301076,1909f56bfc062723c751e8b465ee728b)
Start importing Assets/Fantasy Skybox FREE/Materials/Classic/FS000_Day_01_Sunless.mat using Guid(d48a7646f5d0547e889733d84b50cb9f) Importer(815301076,1909f56bfc062723c751e8b465ee728b)  -> (artifact id: 'e97e8daa9e7d5f0b98c967cedbc7432d') in 0.021811 seconds
  Import took 0.025995 seconds .

========================================================================
Received Import Request.
  Time since last request: 0.000205 seconds.
  path: Assets/Fantasy Skybox FREE/Materials/FS002/FS002_Rainy.png
  artifactKey: Guid(9183c8173b34a5741a60673a672347cb) Importer(815301076,1909f56bfc062723c751e8b465ee728b)
Start importing Assets/Fantasy Skybox FREE/Materials/FS002/FS002_Rainy.png using Guid(9183c8173b34a5741a60673a672347cb) Importer(815301076,1909f56bfc062723c751e8b465ee728b)  -> (artifact id: '19fc8ca02ad2e6808dbec178c2aedbaf') in 0.019491 seconds
  Import took 0.022894 seconds .

========================================================================
Received Import Request.
  Time since last request: 0.000218 seconds.
  path: Assets/Fantasy Skybox FREE/Materials/Classic/FS000_Night_03.mat
  artifactKey: Guid(f8a60d169ab8a46b09c9b01a3e51601f) Importer(815301076,1909f56bfc062723c751e8b465ee728b)
Start importing Assets/Fantasy Skybox FREE/Materials/Classic/FS000_Night_03.mat using Guid(f8a60d169ab8a46b09c9b01a3e51601f) Importer(815301076,1909f56bfc062723c751e8b465ee728b)  -> (artifact id: 'a47944747021c4e6e58061fbba5af912') in 0.025292 seconds
  Import took 0.027662 seconds .

========================================================================
Received Import Request.
  Time since last request: 0.000231 seconds.
  path: Assets/Fantasy Skybox FREE/Materials/Classic/FS000_Day_02_Sunless.png
  artifactKey: Guid(a12ea62fd952d57439f49b6287da4762) Importer(815301076,1909f56bfc062723c751e8b465ee728b)
Start importing Assets/Fantasy Skybox FREE/Materials/Classic/FS000_Day_02_Sunless.png using Guid(a12ea62fd952d57439f49b6287da4762) Importer(815301076,1909f56bfc062723c751e8b465ee728b)  -> (artifact id: '01ccf53d42f67163d998af49acc87a69') in 0.053624 seconds
  Import took 0.055827 seconds .

========================================================================
Received Import Request.
  Time since last request: 0.000222 seconds.
  path: Assets/Fantasy Skybox FREE/Materials/FS002/FS002_Snowy.mat
  artifactKey: Guid(7b0f2096b49ccfb4f8b47c8084d650fa) Importer(815301076,1909f56bfc062723c751e8b465ee728b)
Start importing Assets/Fantasy Skybox FREE/Materials/FS002/FS002_Snowy.mat using Guid(7b0f2096b49ccfb4f8b47c8084d650fa) Importer(815301076,1909f56bfc062723c751e8b465ee728b)  -> (artifact id: '3f7b1f33a2114e67aac1c947070a809c') in 0.017676 seconds
  Import took 0.025836 seconds .

========================================================================
Received Import Request.
  Time since last request: 0.000414 seconds.
  path: Assets/Fantasy Skybox FREE/Materials/Classic/FS000_Day_06.png
  artifactKey: Guid(5dd1dab73acb80a4ca4a200b35ea95e2) Importer(815301076,1909f56bfc062723c751e8b465ee728b)
Start importing Assets/Fantasy Skybox FREE/Materials/Classic/FS000_Day_06.png using Guid(5dd1dab73acb80a4ca4a200b35ea95e2) Importer(815301076,1909f56bfc062723c751e8b465ee728b)  -> (artifact id: 'c4c3c8122d253e06ac8e57900585867b') in 0.054758 seconds
  Import took 0.057546 seconds .

========================================================================
Received Import Request.
  Time since last request: 0.001700 seconds.
  path: Assets/Fantasy Skybox FREE/Materials/Classic/FS000_Day_06_Sunless.png
  artifactKey: Guid(5a80706490c0b9e458216d2d0bb6c8f5) Importer(815301076,1909f56bfc062723c751e8b465ee728b)
Start importing Assets/Fantasy Skybox FREE/Materials/Classic/FS000_Day_06_Sunless.png using Guid(5a80706490c0b9e458216d2d0bb6c8f5) Importer(815301076,1909f56bfc062723c751e8b465ee728b)  -> (artifact id: '6e4bb0852dfeff74d788a191557111f9') in 0.053327 seconds
  Import took 0.058782 seconds .

========================================================================
Received Import Request.
  Time since last request: 0.000207 seconds.
  path: Assets/Fantasy Skybox FREE/Materials/Classic/FS000_Night_02.png
  artifactKey: Guid(e60c8653c33d3da4d8f660c15214d3ac) Importer(815301076,1909f56bfc062723c751e8b465ee728b)
Start importing Assets/Fantasy Skybox FREE/Materials/Classic/FS000_Night_02.png using Guid(e60c8653c33d3da4d8f660c15214d3ac) Importer(815301076,1909f56bfc062723c751e8b465ee728b)  -> (artifact id: '84c7ceb73393c98a0821d51eeb67d058') in 0.051797 seconds
  Import took 0.053814 seconds .

========================================================================
Received Import Request.
  Time since last request: 2.325131 seconds.
  path: Assets/_Game/Resources/FS000_Day_02.png
  artifactKey: Guid(88c467166db994146961f1ecc5fc214e) Importer(815301076,1909f56bfc062723c751e8b465ee728b)
Start importing Assets/_Game/Resources/FS000_Day_02.png using Guid(88c467166db994146961f1ecc5fc214e) Importer(815301076,1909f56bfc062723c751e8b465ee728b)  -> (artifact id: '84abfb9e4c83a09e62e48f4c4ecaa7d5') in 0.065074 seconds
  Import took 0.067790 seconds .

========================================================================
Received Import Request.
  Time since last request: 0.003896 seconds.
  path: Assets/_Game/Resources/FS000_Day_02.png
  artifactKey: Guid(88c467166db994146961f1ecc5fc214e) Importer(815301076,1909f56bfc062723c751e8b465ee728b)
Start importing Assets/_Game/Resources/FS000_Day_02.png using Guid(88c467166db994146961f1ecc5fc214e) Importer(815301076,1909f56bfc062723c751e8b465ee728b)  -> (artifact id: '84abfb9e4c83a09e62e48f4c4ecaa7d5') in 0.066107 seconds
  Import took 0.070583 seconds .

========================================================================
Received Import Request.
  Time since last request: 8.083661 seconds.
  path: Assets/_Creepy_Cat/3D Games Effects Pack Free
  artifactKey: Guid(7292dec1ffce6498b9c0b57fedbcc2f0) Importer(815301076,1909f56bfc062723c751e8b465ee728b)
Start importing Assets/_Creepy_Cat/3D Games Effects Pack Free using Guid(7292dec1ffce6498b9c0b57fedbcc2f0) Importer(815301076,1909f56bfc062723c751e8b465ee728b)  -> (artifact id: '4efa1856e31650eefb00846a40a6afe9') in 0.009650 seconds
  Import took 0.013536 seconds .

========================================================================
Received Import Request.
  Time since last request: 1.411026 seconds.
  path: Assets/_Creepy_Cat/3D Games Effects Pack Free/_Prefabs
  artifactKey: Guid(2c5f6f8982c69457ab378b9fecfdf55a) Importer(815301076,1909f56bfc062723c751e8b465ee728b)
Start importing Assets/_Creepy_Cat/3D Games Effects Pack Free/_Prefabs using Guid(2c5f6f8982c69457ab378b9fecfdf55a) Importer(815301076,1909f56bfc062723c751e8b465ee728b)  -> (artifact id: '09f149bbbb8b4fc6001a95fef086ef11') in 0.012436 seconds
  Import took 0.019127 seconds .

========================================================================
Received Import Request.
  Time since last request: 0.060769 seconds.
  path: Assets/_Creepy_Cat/3D Games Effects Pack Free/_Prefabs/Effect_01.prefab
  artifactKey: Guid(e48c7d7ec43014ad882cf23f3bb48ac8) Importer(815301076,1909f56bfc062723c751e8b465ee728b)
Start importing Assets/_Creepy_Cat/3D Games Effects Pack Free/_Prefabs/Effect_01.prefab using Guid(e48c7d7ec43014ad882cf23f3bb48ac8) Importer(815301076,1909f56bfc062723c751e8b465ee728b)  -> (artifact id: 'f6913f1cc60609ed94585a133376632b') in 0.021729 seconds
  Import took 0.025240 seconds .

========================================================================
Received Import Request.
  Time since last request: 0.000325 seconds.
  path: Assets/_Creepy_Cat/3D Games Effects Pack Free/_Prefabs/Effect_05.prefab
  artifactKey: Guid(6746092d79f3e4fe1bfa983603238e26) Importer(815301076,1909f56bfc062723c751e8b465ee728b)
Start importing Assets/_Creepy_Cat/3D Games Effects Pack Free/_Prefabs/Effect_05.prefab using Guid(6746092d79f3e4fe1bfa983603238e26) Importer(815301076,1909f56bfc062723c751e8b465ee728b)  -> (artifact id: '5ee13983945f174c75590f4624675418') in 0.011561 seconds
  Import took 0.014269 seconds .

========================================================================
Received Import Request.
  Time since last request: 0.000577 seconds.
  path: Assets/_Creepy_Cat/3D Games Effects Pack Free/_Prefabs/Effect_06.prefab
  artifactKey: Guid(876cb26c7c6ab42e49a9cace28b90b8b) Importer(815301076,1909f56bfc062723c751e8b465ee728b)
Start importing Assets/_Creepy_Cat/3D Games Effects Pack Free/_Prefabs/Effect_06.prefab using Guid(876cb26c7c6ab42e49a9cace28b90b8b) Importer(815301076,1909f56bfc062723c751e8b465ee728b)  -> (artifact id: 'fbc484644539ec790b1f8a1747413226') in 0.015381 seconds
  Import took 0.019383 seconds .

========================================================================
Received Import Request.
  Time since last request: 0.000324 seconds.
  path: Assets/_Creepy_Cat/3D Games Effects Pack Free/_Prefabs/Effect_04.prefab
  artifactKey: Guid(11380b47be58c4fa78a82752a3f61daa) Importer(815301076,1909f56bfc062723c751e8b465ee728b)
Start importing Assets/_Creepy_Cat/3D Games Effects Pack Free/_Prefabs/Effect_04.prefab using Guid(11380b47be58c4fa78a82752a3f61daa) Importer(815301076,1909f56bfc062723c751e8b465ee728b)  -> (artifact id: '51a1104079795ec93c7169f639475d96') in 0.016034 seconds
  Import took 0.021084 seconds .

========================================================================
Received Import Request.
  Time since last request: 0.000426 seconds.
  path: Assets/_Creepy_Cat/3D Games Effects Pack Free/_Prefabs/Logo.prefab
  artifactKey: Guid(5aa01cae601f94746aa79edb7eb2380f) Importer(815301076,1909f56bfc062723c751e8b465ee728b)
Start importing Assets/_Creepy_Cat/3D Games Effects Pack Free/_Prefabs/Logo.prefab using Guid(5aa01cae601f94746aa79edb7eb2380f) Importer(815301076,1909f56bfc062723c751e8b465ee728b)  -> (artifact id: 'f3e7bd37ab642b940a68aa43e764c05b') in 0.077670 seconds
  Import took 0.082037 seconds .

========================================================================
Received Import Request.
  Time since last request: 0.000277 seconds.
  path: Assets/_Creepy_Cat/3D Games Effects Pack Free/_Prefabs/Effect_03.prefab
  artifactKey: Guid(c17698f595aa942cab4326f0ffaf25c2) Importer(815301076,1909f56bfc062723c751e8b465ee728b)
Start importing Assets/_Creepy_Cat/3D Games Effects Pack Free/_Prefabs/Effect_03.prefab using Guid(c17698f595aa942cab4326f0ffaf25c2) Importer(815301076,1909f56bfc062723c751e8b465ee728b)  -> (artifact id: '9394a06a26f1c8573b94047bce5a92b4') in 0.008995 seconds
  Import took 0.012528 seconds .

========================================================================
Received Import Request.
  Time since last request: 0.000263 seconds.
  path: Assets/_Creepy_Cat/3D Games Effects Pack Free/_Prefabs/Effect_02.prefab
  artifactKey: Guid(f7efb0d9df2264096af57128df85dddb) Importer(815301076,1909f56bfc062723c751e8b465ee728b)
Start importing Assets/_Creepy_Cat/3D Games Effects Pack Free/_Prefabs/Effect_02.prefab using Guid(f7efb0d9df2264096af57128df85dddb) Importer(815301076,1909f56bfc062723c751e8b465ee728b)  -> (artifact id: '4afce3fc493a5f76a56373e5d91eb5be') in 0.011502 seconds
  Import took 0.016196 seconds .

========================================================================
Received Import Request.
  Time since last request: 0.000557 seconds.
  path: Assets/_Creepy_Cat/3D Games Effects Pack Free/_Prefabs/Effect_07.prefab
  artifactKey: Guid(1625b0df15965450c86850dd6d345e87) Importer(815301076,1909f56bfc062723c751e8b465ee728b)
Start importing Assets/_Creepy_Cat/3D Games Effects Pack Free/_Prefabs/Effect_07.prefab using Guid(1625b0df15965450c86850dd6d345e87) Importer(815301076,1909f56bfc062723c751e8b465ee728b)  -> (artifact id: 'cb21784cbe6c1d0722cf77b3532960af') in 0.017306 seconds
  Import took 0.024385 seconds .

========================================================================
Received Import Request.
  Time since last request: 0.012098 seconds.
  path: Assets/_Creepy_Cat/3D Games Effects Pack Free/_Prefabs/Effect_07.prefab
  artifactKey: Guid(1625b0df15965450c86850dd6d345e87) Importer(815301076,1909f56bfc062723c751e8b465ee728b)
Start importing Assets/_Creepy_Cat/3D Games Effects Pack Free/_Prefabs/Effect_07.prefab using Guid(1625b0df15965450c86850dd6d345e87) Importer(815301076,1909f56bfc062723c751e8b465ee728b)  -> (artifact id: 'cb21784cbe6c1d0722cf77b3532960af') in 0.008430 seconds
  Import took 0.012968 seconds .

========================================================================
Received Import Request.
  Time since last request: 7.022641 seconds.
  path: Assets/_Scenes/SampleScene.unity
  artifactKey: Guid(9fc0d4010bbf28b4594072e72b8655ab) Importer(815301076,1909f56bfc062723c751e8b465ee728b)
Start importing Assets/_Scenes/SampleScene.unity using Guid(9fc0d4010bbf28b4594072e72b8655ab) Importer(815301076,1909f56bfc062723c751e8b465ee728b)  -> (artifact id: '60d101e7ebda8bb190dba6f2944f269b') in 0.007881 seconds
  Import took 0.010807 seconds .

========================================================================
Received Import Request.
  Time since last request: 2.291404 seconds.
  path: Assets/_Scenes/SampleScene
  artifactKey: Guid(0d96c5665a1fd444fa2470c199bf8b8c) Importer(815301076,1909f56bfc062723c751e8b465ee728b)
Start importing Assets/_Scenes/SampleScene using Guid(0d96c5665a1fd444fa2470c199bf8b8c) Importer(815301076,1909f56bfc062723c751e8b465ee728b)  -> (artifact id: '4444ea179c781b7785a825512f165fbd') in 0.013290 seconds
  Import took 0.015732 seconds .

========================================================================
Received Import Request.
  Time since last request: 0.071224 seconds.
  path: Assets/_Scenes/SampleScene/NavMesh.asset
  artifactKey: Guid(cff9bb5665d1e664b9a45fb12892df52) Importer(815301076,1909f56bfc062723c751e8b465ee728b)
Start importing Assets/_Scenes/SampleScene/NavMesh.asset using Guid(cff9bb5665d1e664b9a45fb12892df52) Importer(815301076,1909f56bfc062723c751e8b465ee728b)  -> (artifact id: 'fd10a2da1cdf08daea2f645879f95ea8') in 0.010475 seconds
  Import took 0.013206 seconds .

========================================================================
Received Import Request.
  Time since last request: 36.491043 seconds.
  path: Assets/_Creepy_Cat/3D Games Effects Pack Free/_Materials/Effect_05.mat
  artifactKey: Guid(a551b9b2ea53445be86fd523d3a8aa60) Importer(815301076,1909f56bfc062723c751e8b465ee728b)
Start importing Assets/_Creepy_Cat/3D Games Effects Pack Free/_Materials/Effect_05.mat using Guid(a551b9b2ea53445be86fd523d3a8aa60) Importer(815301076,1909f56bfc062723c751e8b465ee728b)  -> (artifact id: '34ffb013d1c651b3c4d341793b197fe1') in 0.057364 seconds
  Import took 0.061462 seconds .

========================================================================
Received Import Request.
  Time since last request: 12.588768 seconds.
  path: Assets/_Creepy_Cat/3D Games Effects Pack Free/_Materials/Effect_05_8x8-64.png
  artifactKey: Guid(5031a0115db7440e7b931c0503af22f6) Importer(815301076,1909f56bfc062723c751e8b465ee728b)
Start importing Assets/_Creepy_Cat/3D Games Effects Pack Free/_Materials/Effect_05_8x8-64.png using Guid(5031a0115db7440e7b931c0503af22f6) Importer(815301076,1909f56bfc062723c751e8b465ee728b)  -> (artifact id: 'b92bc5b8073ff7d5015fea6c8f6131eb') in 0.043639 seconds
  Import took 0.050971 seconds .

========================================================================
Received Import Request.
  Time since last request: 3.025835 seconds.
  path: Assets/_Creepy_Cat/3D Games Effects Pack Free/_FAQ - Informations/Particle For One Shoot.png
  artifactKey: Guid(f7b6623e79d4f41aba868e78ed5256ef) Importer(815301076,1909f56bfc062723c751e8b465ee728b)
Start importing Assets/_Creepy_Cat/3D Games Effects Pack Free/_FAQ - Informations/Particle For One Shoot.png using Guid(f7b6623e79d4f41aba868e78ed5256ef) Importer(815301076,1909f56bfc062723c751e8b465ee728b)  -> (artifact id: '26c2d8c5572a247be063c084f4cfd8a4') in 0.013547 seconds
  Import took 0.016974 seconds .

========================================================================
Received Import Request.
  Time since last request: 0.000311 seconds.
  path: Assets/_Creepy_Cat/3D Games Effects Pack Free/_FAQ - Informations/Particle Start Delay Remove.png
  artifactKey: Guid(99ccc10f8273447ac997bb763aa00ca8) Importer(815301076,1909f56bfc062723c751e8b465ee728b)
Start importing Assets/_Creepy_Cat/3D Games Effects Pack Free/_FAQ - Informations/Particle Start Delay Remove.png using Guid(99ccc10f8273447ac997bb763aa00ca8) Importer(815301076,1909f56bfc062723c751e8b465ee728b)  -> (artifact id: '9735c150208881af500cfdfd35b8dff7') in 0.015487 seconds
  Import took 0.019179 seconds .

========================================================================
Received Import Request.
  Time since last request: 0.000386 seconds.
  path: Assets/_Creepy_Cat/3D Games Effects Pack Free/_FAQ - Informations/Particle Loop Remove.png
  artifactKey: Guid(a1d5201b719c74ccaa8afd7f96ed5380) Importer(815301076,1909f56bfc062723c751e8b465ee728b)
Start importing Assets/_Creepy_Cat/3D Games Effects Pack Free/_FAQ - Informations/Particle Loop Remove.png using Guid(a1d5201b719c74ccaa8afd7f96ed5380) Importer(815301076,1909f56bfc062723c751e8b465ee728b)  -> (artifact id: '682103c725fba4335cff06305647369a') in 0.018550 seconds
  Import took 0.026864 seconds .

========================================================================
Received Import Request.
  Time since last request: 18.135670 seconds.
  path: Assets/_Game/Prefabs/Beam.prefab
  artifactKey: Guid(66e0018a9e63c4348b7a340890e5b30c) Importer(815301076,1909f56bfc062723c751e8b465ee728b)
Start importing Assets/_Game/Prefabs/Beam.prefab using Guid(66e0018a9e63c4348b7a340890e5b30c) Importer(815301076,1909f56bfc062723c751e8b465ee728b)  -> (artifact id: '99b155edd27d512e55f623e1c49fdc14') in 0.012603 seconds
  Import took 0.015437 seconds .

========================================================================
Received Import Request.
  Time since last request: 0.000319 seconds.
  path: Assets/_Game/Prefabs/Eagle_Normal.prefab
  artifactKey: Guid(8a98dc7c3255b1f43b1885fecabf80f2) Importer(815301076,1909f56bfc062723c751e8b465ee728b)
Start importing Assets/_Game/Prefabs/Eagle_Normal.prefab using Guid(8a98dc7c3255b1f43b1885fecabf80f2) Importer(815301076,1909f56bfc062723c751e8b465ee728b)  -> (artifact id: '9294d29053ec296f66552cd116faa1a5') in 0.067373 seconds
  Import took 0.070833 seconds .

========================================================================
Received Import Request.
  Time since last request: 0.000398 seconds.
  path: Assets/_Game/Prefabs/TowerBeamLaser.prefab
  artifactKey: Guid(3a988e9f0c153764b8bfec38c4b96ff5) Importer(815301076,1909f56bfc062723c751e8b465ee728b)
Start importing Assets/_Game/Prefabs/TowerBeamLaser.prefab using Guid(3a988e9f0c153764b8bfec38c4b96ff5) Importer(815301076,1909f56bfc062723c751e8b465ee728b)  -> (artifact id: '6133b119fef8103fee446c917d92ae7e') in 0.197948 seconds
  Import took 0.200859 seconds .

========================================================================
Received Import Request.
  Time since last request: 0.000355 seconds.
  path: Assets/_Game/Prefabs/TowerCanon.prefab
  artifactKey: Guid(121a98afee5bf28489d75f5d2538f73e) Importer(815301076,1909f56bfc062723c751e8b465ee728b)
Start importing Assets/_Game/Prefabs/TowerCanon.prefab using Guid(121a98afee5bf28489d75f5d2538f73e) Importer(815301076,1909f56bfc062723c751e8b465ee728b)  -> (artifact id: '861c531bcd62427c38682d3c9b677530') in 0.021937 seconds
  Import took 0.027563 seconds .

========================================================================
Received Import Request.
  Time since last request: 0.000320 seconds.
  path: Assets/_Game/Prefabs/ProjectileCannon.prefab
  artifactKey: Guid(3b7fce896e9ad6f43b65d2a2330aea4f) Importer(815301076,1909f56bfc062723c751e8b465ee728b)
Start importing Assets/_Game/Prefabs/ProjectileCannon.prefab using Guid(3b7fce896e9ad6f43b65d2a2330aea4f) Importer(815301076,1909f56bfc062723c751e8b465ee728b)  -> (artifact id: 'eb7c2a55b365ffc149bfae13d59c9038') in 0.017569 seconds
  Import took 0.020408 seconds .

========================================================================
Received Import Request.
  Time since last request: 0.000302 seconds.
  path: Assets/_Game/Prefabs/ProjectileBeam.prefab
  artifactKey: Guid(27c0da187109e604b99590efc8a5f7af) Importer(815301076,1909f56bfc062723c751e8b465ee728b)
Start importing Assets/_Game/Prefabs/ProjectileBeam.prefab using Guid(27c0da187109e604b99590efc8a5f7af) Importer(815301076,1909f56bfc062723c751e8b465ee728b)  -> (artifact id: '432fc7aa1c8d2c87104413e1fe08825d') in 0.014571 seconds
  Import took 0.017438 seconds .

========================================================================
Received Import Request.
  Time since last request: 0.000351 seconds.
  path: Assets/_Game/Prefabs/Slime.prefab
  artifactKey: Guid(a817c29ea6847604bb2c6c51d9a74bf1) Importer(815301076,1909f56bfc062723c751e8b465ee728b)
Start importing Assets/_Game/Prefabs/Slime.prefab using Guid(a817c29ea6847604bb2c6c51d9a74bf1) Importer(815301076,1909f56bfc062723c751e8b465ee728b)  -> (artifact id: '021ec20def4c8f5fdbe429668750648b') in 0.045056 seconds
  Import took 0.053672 seconds .

========================================================================
Received Import Request.
  Time since last request: 0.000351 seconds.
  path: Assets/_Game/Prefabs/TurtleShell.prefab
  artifactKey: Guid(3aec22b5d3f3c2947bb81040b56e5f96) Importer(815301076,1909f56bfc062723c751e8b465ee728b)
Start importing Assets/_Game/Prefabs/TurtleShell.prefab using Guid(3aec22b5d3f3c2947bb81040b56e5f96) Importer(815301076,1909f56bfc062723c751e8b465ee728b)  -> (artifact id: '4fcdfdaca44aa41ee853bfc5a9728c39') in 0.051556 seconds
  Import took 0.060256 seconds .

========================================================================
Received Import Request.
  Time since last request: 0.000237 seconds.
  path: Assets/_Game/Prefabs/FreezeEffect.prefab
  artifactKey: Guid(d50f5f5d5a171443fa76bc1f6fc90473) Importer(815301076,1909f56bfc062723c751e8b465ee728b)
Start importing Assets/_Game/Prefabs/FreezeEffect.prefab using Guid(d50f5f5d5a171443fa76bc1f6fc90473) Importer(815301076,1909f56bfc062723c751e8b465ee728b)  -> (artifact id: '8d7d0a6008656604a63011ee0f36ac45') in 0.015036 seconds
  Import took 0.018204 seconds .

========================================================================
Received Import Request.
  Time since last request: 0.000242 seconds.
  path: Assets/_Game/Prefabs/TowerAOE.prefab
  artifactKey: Guid(8ac00e29a4cb31a48ae26ea38bffeab3) Importer(815301076,1909f56bfc062723c751e8b465ee728b)
Start importing Assets/_Game/Prefabs/TowerAOE.prefab using Guid(8ac00e29a4cb31a48ae26ea38bffeab3) Importer(815301076,1909f56bfc062723c751e8b465ee728b)  -> (artifact id: '6a12f3c5c02bbacc298e90d7e0c43a28') in 0.037995 seconds
  Import took 0.045307 seconds .

========================================================================
Received Import Request.
  Time since last request: 0.000248 seconds.
  path: Assets/_Game/Prefabs/Tile.prefab
  artifactKey: Guid(5cd31116a57a9e348ac569f0849862b5) Importer(815301076,1909f56bfc062723c751e8b465ee728b)
Start importing Assets/_Game/Prefabs/Tile.prefab using Guid(5cd31116a57a9e348ac569f0849862b5) Importer(815301076,1909f56bfc062723c751e8b465ee728b)  -> (artifact id: '97501681969b8206a431cee18ab1094f') in 0.043957 seconds
  Import took 0.048027 seconds .

========================================================================
Received Import Request.
  Time since last request: 5.444578 seconds.
  path: Assets/_Game/Prefabs/Tile.prefab
  artifactKey: Guid(5cd31116a57a9e348ac569f0849862b5) Importer(815301076,1909f56bfc062723c751e8b465ee728b)
Start importing Assets/_Game/Prefabs/Tile.prefab using Guid(5cd31116a57a9e348ac569f0849862b5) Importer(815301076,1909f56bfc062723c751e8b465ee728b)  -> (artifact id: 'f77b107052e1482dd93592ab1de20d49') in 0.022397 seconds
  Import took 0.026168 seconds .

========================================================================
Received Import Request.
  Time since last request: 0.000344 seconds.
  path: Assets/_Game/Prefabs/TowerAOE.prefab
  artifactKey: Guid(8ac00e29a4cb31a48ae26ea38bffeab3) Importer(815301076,1909f56bfc062723c751e8b465ee728b)
Start importing Assets/_Game/Prefabs/TowerAOE.prefab using Guid(8ac00e29a4cb31a48ae26ea38bffeab3) Importer(815301076,1909f56bfc062723c751e8b465ee728b)  -> (artifact id: '09254bcd1f072fbc38a9161a9acc14a2') in 0.014401 seconds
  Import took 0.019104 seconds .

========================================================================
Received Import Request.
  Time since last request: 0.000949 seconds.
  path: Assets/_Game/Prefabs/Tile.prefab
  artifactKey: Guid(5cd31116a57a9e348ac569f0849862b5) Importer(815301076,1909f56bfc062723c751e8b465ee728b)
Start importing Assets/_Game/Prefabs/Tile.prefab using Guid(5cd31116a57a9e348ac569f0849862b5) Importer(815301076,1909f56bfc062723c751e8b465ee728b)  -> (artifact id: 'f77b107052e1482dd93592ab1de20d49') in 0.034382 seconds
  Import took 0.039023 seconds .

========================================================================
Received Import Request.
  Time since last request: 0.000395 seconds.
  path: Assets/_Game/Prefabs/TowerAOE.prefab
  artifactKey: Guid(8ac00e29a4cb31a48ae26ea38bffeab3) Importer(815301076,1909f56bfc062723c751e8b465ee728b)
Start importing Assets/_Game/Prefabs/TowerAOE.prefab using Guid(8ac00e29a4cb31a48ae26ea38bffeab3) Importer(815301076,1909f56bfc062723c751e8b465ee728b)  -> (artifact id: '09254bcd1f072fbc38a9161a9acc14a2') in 0.020813 seconds
  Import took 0.025907 seconds .

========================================================================
Received Import Request.
  Time since last request: 16.294684 seconds.
  path: Assets/_Creepy_Cat/3D Games Effects Pack Free/_Materials/Effect_01.mat
  artifactKey: Guid(acd51d388e03b43ee91f50f360703603) Importer(815301076,1909f56bfc062723c751e8b465ee728b)
Start importing Assets/_Creepy_Cat/3D Games Effects Pack Free/_Materials/Effect_01.mat using Guid(acd51d388e03b43ee91f50f360703603) Importer(815301076,1909f56bfc062723c751e8b465ee728b)  -> (artifact id: '1d7a41415a1abdf6cc713a21d4674ac7') in 0.016491 seconds
  Import took 0.019144 seconds .

========================================================================
Received Import Request.
  Time since last request: 0.000320 seconds.
  path: Assets/_Creepy_Cat/3D Games Effects Pack Free/_Materials/Effect_04_8x4-32.png
  artifactKey: Guid(fd38e967a28d645b9a29968c3cc113cc) Importer(815301076,1909f56bfc062723c751e8b465ee728b)
Start importing Assets/_Creepy_Cat/3D Games Effects Pack Free/_Materials/Effect_04_8x4-32.png using Guid(fd38e967a28d645b9a29968c3cc113cc) Importer(815301076,1909f56bfc062723c751e8b465ee728b)  -> (artifact id: '6de76ee04d6ff7ce7f1624d3cb5dff99') in 0.011902 seconds
  Import took 0.013940 seconds .

========================================================================
Received Import Request.
  Time since last request: 0.000308 seconds.
  path: Assets/_Creepy_Cat/3D Games Effects Pack Free/_Materials/Effect_06.mat
  artifactKey: Guid(a520c59bd52a84761853f1676c85041d) Importer(815301076,1909f56bfc062723c751e8b465ee728b)
Start importing Assets/_Creepy_Cat/3D Games Effects Pack Free/_Materials/Effect_06.mat using Guid(a520c59bd52a84761853f1676c85041d) Importer(815301076,1909f56bfc062723c751e8b465ee728b)  -> (artifact id: '5f6fcbbfe7dbd6ea4a95704cf53a780c') in 0.016251 seconds
  Import took 0.018929 seconds .

========================================================================
Received Import Request.
  Time since last request: 0.000281 seconds.
  path: Assets/_Creepy_Cat/3D Games Effects Pack Free/Example_02/Help For One Shoot.png
  artifactKey: Guid(489caf7fdc6d643fa9bb7955efd6bfa6) Importer(815301076,1909f56bfc062723c751e8b465ee728b)
Start importing Assets/_Creepy_Cat/3D Games Effects Pack Free/Example_02/Help For One Shoot.png using Guid(489caf7fdc6d643fa9bb7955efd6bfa6) Importer(815301076,1909f56bfc062723c751e8b465ee728b)  -> (artifact id: '24e3a19fb4ceffe900f718aa3b7a6cd5') in 0.014204 seconds
  Import took 0.018207 seconds .

========================================================================
Received Import Request.
  Time since last request: 0.001506 seconds.
  path: Assets/_Creepy_Cat/3D Games Effects Pack Free/Example_02/Help For Particle Delay.png
  artifactKey: Guid(6f82f2fd0752c4be0ba8fdf1ca6fce50) Importer(815301076,1909f56bfc062723c751e8b465ee728b)
Start importing Assets/_Creepy_Cat/3D Games Effects Pack Free/Example_02/Help For Particle Delay.png using Guid(6f82f2fd0752c4be0ba8fdf1ca6fce50) Importer(815301076,1909f56bfc062723c751e8b465ee728b)  -> (artifact id: '39ae624326694467978e585d1258e098') in 0.021963 seconds
  Import took 0.026978 seconds .

========================================================================
Received Import Request.
  Time since last request: 0.000388 seconds.
  path: Assets/_Creepy_Cat/3D Games Effects Pack Free/_Materials/Skybox.mat
  artifactKey: Guid(d21694616239d4aec9013b5c3490bc36) Importer(815301076,1909f56bfc062723c751e8b465ee728b)
Start importing Assets/_Creepy_Cat/3D Games Effects Pack Free/_Materials/Skybox.mat using Guid(d21694616239d4aec9013b5c3490bc36) Importer(815301076,1909f56bfc062723c751e8b465ee728b)  -> (artifact id: '6e906a489f871122d0f1ff5a32dbe031') in 0.160301 seconds
  Import took 0.162789 seconds .

========================================================================
Received Import Request.
  Time since last request: 0.000322 seconds.
  path: Assets/_Creepy_Cat/3D Games Effects Pack Free/_Materials/Effect_02.mat
  artifactKey: Guid(00be78a98231c449996461ca749d5808) Importer(815301076,1909f56bfc062723c751e8b465ee728b)
Start importing Assets/_Creepy_Cat/3D Games Effects Pack Free/_Materials/Effect_02.mat using Guid(00be78a98231c449996461ca749d5808) Importer(815301076,1909f56bfc062723c751e8b465ee728b)  -> (artifact id: '8f229f72b11994921d9076e1f58701ef') in 0.022380 seconds
  Import took 0.029438 seconds .

========================================================================
Received Import Request.
  Time since last request: 0.000420 seconds.
  path: Assets/_Creepy_Cat/3D Games Effects Pack Free/_Materials/Effect_04.mat
  artifactKey: Guid(9d7b7705dd2cc450c991a93f6474f081) Importer(815301076,1909f56bfc062723c751e8b465ee728b)
Start importing Assets/_Creepy_Cat/3D Games Effects Pack Free/_Materials/Effect_04.mat using Guid(9d7b7705dd2cc450c991a93f6474f081) Importer(815301076,1909f56bfc062723c751e8b465ee728b)  -> (artifact id: 'd6b45305a72c32e41b3581bc74ce630e') in 0.021054 seconds
  Import took 0.023607 seconds .

========================================================================
Received Import Request.
  Time since last request: 0.000421 seconds.
  path: Assets/_Creepy_Cat/3D Games Effects Pack Free/_Materials/Effect_08.mat
  artifactKey: Guid(02fe6122f18ad42c98742a5c28931947) Importer(815301076,1909f56bfc062723c751e8b465ee728b)
Start importing Assets/_Creepy_Cat/3D Games Effects Pack Free/_Materials/Effect_08.mat using Guid(02fe6122f18ad42c98742a5c28931947) Importer(815301076,1909f56bfc062723c751e8b465ee728b)  -> (artifact id: 'c536a01ee9dd204ee3dd9b1bd7972431') in 0.028254 seconds
  Import took 0.031936 seconds .

========================================================================
Received Import Request.
  Time since last request: 0.000416 seconds.
  path: Assets/_Creepy_Cat/3D Games Effects Pack Free/_Materials/Effect_07_8x8-64.png
  artifactKey: Guid(411d5d12701d34c578b3282ddfab9b0c) Importer(815301076,1909f56bfc062723c751e8b465ee728b)
Start importing Assets/_Creepy_Cat/3D Games Effects Pack Free/_Materials/Effect_07_8x8-64.png using Guid(411d5d12701d34c578b3282ddfab9b0c) Importer(815301076,1909f56bfc062723c751e8b465ee728b)  -> (artifact id: '9f03b115d1f35f07004b09baea582dcd') in 0.031728 seconds
  Import took 0.035146 seconds .

========================================================================
Received Import Request.
  Time since last request: 0.000333 seconds.
  path: Assets/_Creepy_Cat/3D Games Effects Pack Free/Example_01/LightingData.asset
  artifactKey: Guid(0b3b5526cb8dd4511813f2c8c4c5bec6) Importer(815301076,1909f56bfc062723c751e8b465ee728b)
Start importing Assets/_Creepy_Cat/3D Games Effects Pack Free/Example_01/LightingData.asset using Guid(0b3b5526cb8dd4511813f2c8c4c5bec6) Importer(815301076,1909f56bfc062723c751e8b465ee728b) Lighting data asset LightingData is inconsistent because 10 files out of 50 are missing.  Please use Generate Lighting to rebuild the lighting data.

 -> (artifact id: '44357f49a211c02e9bcae65f030041cd') in 0.063773 seconds
  Import took 0.073447 seconds .

========================================================================
Received Import Request.
  Time since last request: 0.000288 seconds.
  path: Assets/_Creepy_Cat/3D Games Effects Pack Free/_Materials/Effect_06_8x6-48.png
  artifactKey: Guid(424e16d271aa34549b27cc6f687d71e7) Importer(815301076,1909f56bfc062723c751e8b465ee728b)
Start importing Assets/_Creepy_Cat/3D Games Effects Pack Free/_Materials/Effect_06_8x6-48.png using Guid(424e16d271aa34549b27cc6f687d71e7) Importer(815301076,1909f56bfc062723c751e8b465ee728b)  -> (artifact id: 'f50cbc6a5a821c7200d0f8b8cc81dfd8') in 0.022378 seconds
  Import took 0.025737 seconds .

========================================================================
Received Import Request.
  Time since last request: 0.000309 seconds.
  path: Assets/_Creepy_Cat/3D Games Effects Pack Free/_Materials/Effect_03_8x4-32.png
  artifactKey: Guid(611ab02a1b0c34eacac1a04aa2bdcddc) Importer(815301076,1909f56bfc062723c751e8b465ee728b)
Start importing Assets/_Creepy_Cat/3D Games Effects Pack Free/_Materials/Effect_03_8x4-32.png using Guid(611ab02a1b0c34eacac1a04aa2bdcddc) Importer(815301076,1909f56bfc062723c751e8b465ee728b)  -> (artifact id: 'f1048c336a898e112e9dd481ecea2a2d') in 0.021760 seconds
  Import took 0.029637 seconds .

========================================================================
Received Import Request.
  Time since last request: 0.000341 seconds.
  path: Assets/_Creepy_Cat/3D Games Effects Pack Free/_Materials/Effect_08_8x4-32.png
  artifactKey: Guid(ab1845f625a5f4d69a0d517d25674ea6) Importer(815301076,1909f56bfc062723c751e8b465ee728b)
Start importing Assets/_Creepy_Cat/3D Games Effects Pack Free/_Materials/Effect_08_8x4-32.png using Guid(ab1845f625a5f4d69a0d517d25674ea6) Importer(815301076,1909f56bfc062723c751e8b465ee728b)  -> (artifact id: '716fbb7248d7ccb47f36d9d7fc0e2801') in 0.024988 seconds
  Import took 0.028824 seconds .

========================================================================
Received Import Request.
  Time since last request: 0.000330 seconds.
  path: Assets/_Creepy_Cat/3D Games Effects Pack Free/_Materials/Effect_07.mat
  artifactKey: Guid(6ae42f94864774b79bd2f0c91e849c6e) Importer(815301076,1909f56bfc062723c751e8b465ee728b)
Start importing Assets/_Creepy_Cat/3D Games Effects Pack Free/_Materials/Effect_07.mat using Guid(6ae42f94864774b79bd2f0c91e849c6e) Importer(815301076,1909f56bfc062723c751e8b465ee728b)  -> (artifact id: '0e47ef7d032eefb45f763e921e7cf44d') in 0.034205 seconds
  Import took 0.037762 seconds .

========================================================================
Received Import Request.
  Time since last request: 0.000246 seconds.
  path: Assets/_Creepy_Cat/3D Games Effects Pack Free/_Materials/Effect_01_8x4-32.png
  artifactKey: Guid(4ff5de4bdb9704c38a0cd21ac3191c64) Importer(815301076,1909f56bfc062723c751e8b465ee728b)
Start importing Assets/_Creepy_Cat/3D Games Effects Pack Free/_Materials/Effect_01_8x4-32.png using Guid(4ff5de4bdb9704c38a0cd21ac3191c64) Importer(815301076,1909f56bfc062723c751e8b465ee728b)  -> (artifact id: 'acf6e394565bfc64feb8ccb3756bcfb2') in 0.023863 seconds
  Import took 0.026783 seconds .

========================================================================
Received Import Request.
  Time since last request: 0.000328 seconds.
  path: Assets/_Creepy_Cat/3D Games Effects Pack Free/_Materials/Effect_03.mat
  artifactKey: Guid(75666bafa7f7243d7a69ef0cb5137fe7) Importer(815301076,1909f56bfc062723c751e8b465ee728b)
Start importing Assets/_Creepy_Cat/3D Games Effects Pack Free/_Materials/Effect_03.mat using Guid(75666bafa7f7243d7a69ef0cb5137fe7) Importer(815301076,1909f56bfc062723c751e8b465ee728b)  -> (artifact id: '6f17fb90bd65d540b372031db6975451') in 0.020507 seconds
  Import took 0.023610 seconds .

========================================================================
Received Import Request.
  Time since last request: 0.000277 seconds.
  path: Assets/_Creepy_Cat/3D Games Effects Pack Free/Example_01/ReflectionProbe-0.exr
  artifactKey: Guid(1ded7af17884d4f559dd88cb3f938fde) Importer(815301076,1909f56bfc062723c751e8b465ee728b)
Start importing Assets/_Creepy_Cat/3D Games Effects Pack Free/Example_01/ReflectionProbe-0.exr using Guid(1ded7af17884d4f559dd88cb3f938fde) Importer(815301076,1909f56bfc062723c751e8b465ee728b)  -> (artifact id: '7dcd547b0962ad1652b0e1cd8a3ef202') in 0.045853 seconds
  Import took 0.052818 seconds .

========================================================================
Received Import Request.
  Time since last request: 0.001194 seconds.
  path: Assets/_Creepy_Cat/3D Games Effects Pack Free/_Materials/Effect_02_8x6-48.png
  artifactKey: Guid(a9d562fa15fa947ea834e675c0c490fc) Importer(815301076,1909f56bfc062723c751e8b465ee728b)
Start importing Assets/_Creepy_Cat/3D Games Effects Pack Free/_Materials/Effect_02_8x6-48.png using Guid(a9d562fa15fa947ea834e675c0c490fc) Importer(815301076,1909f56bfc062723c751e8b465ee728b)  -> (artifact id: '18f38336a9811c8cdf8bc0217cdedf55') in 0.020965 seconds
  Import took 0.026310 seconds .

========================================================================
Received Prepare
Registering precompiled user dll's ...
Registered in 0.000610 seconds.
Begin MonoManager ReloadAssembly
Native extension for WindowsStandalone target not found
Native extension for WebGL target not found
Refreshing native plugins compatible for Editor in 0.26 ms, found 0 plugins.
Preloading 0 native plugins for Editor in 0.00 ms.
Invoked RoslynAnalysisRunner static constructor.
RoslynAnalysisRunner will not be running.
RoslynAnalysisRunner has terminated.
Mono: successfully reloaded assembly
- Completed reload, in  1.051 seconds
Platform modules already initialized, skipping
Refreshing native plugins compatible for Editor in 0.30 ms, found 0 plugins.
Preloading 0 native plugins for Editor in 0.00 ms.
Unloading 1192 Unused Serialized files (Serialized files now loaded: 0)
System memory in use before: 79.1 MB.
System memory in use after: 79.2 MB.

Unloading 6 unused Assets to reduce memory usage. Loaded Objects now: 1706.
Total: 3.044300 ms (FindLiveObjects: 0.258100 ms CreateObjectMapping: 0.079000 ms MarkObjects: 2.667800 ms  DeleteObjects: 0.038000 ms)

========================================================================
Received Import Request.
  Time since last request: 76.931783 seconds.
  path: Assets/_Game/Prefabs/Tile.prefab
  artifactKey: Guid(5cd31116a57a9e348ac569f0849862b5) Importer(815301076,1909f56bfc062723c751e8b465ee728b)
Start importing Assets/_Game/Prefabs/Tile.prefab using Guid(5cd31116a57a9e348ac569f0849862b5) Importer(815301076,1909f56bfc062723c751e8b465ee728b)  -> (artifact id: 'ace7ee6fa79b2eaf5430a8f14313f753') in 0.092497 seconds
  Import took 0.095797 seconds .

========================================================================
Received Import Request.
  Time since last request: 0.000347 seconds.
  path: Assets/_Game/Prefabs/TowerAOE.prefab
  artifactKey: Guid(8ac00e29a4cb31a48ae26ea38bffeab3) Importer(815301076,1909f56bfc062723c751e8b465ee728b)
Start importing Assets/_Game/Prefabs/TowerAOE.prefab using Guid(8ac00e29a4cb31a48ae26ea38bffeab3) Importer(815301076,1909f56bfc062723c751e8b465ee728b)  -> (artifact id: '75b8da16a13eb501934d1be43f2797d5') in 0.015522 seconds
  Import took 0.018288 seconds .

========================================================================
Received Import Request.
  Time since last request: 2.722250 seconds.
  path: Assets/_Game/Prefabs/Tile.prefab
  artifactKey: Guid(5cd31116a57a9e348ac569f0849862b5) Importer(815301076,1909f56bfc062723c751e8b465ee728b)
Start importing Assets/_Game/Prefabs/Tile.prefab using Guid(5cd31116a57a9e348ac569f0849862b5) Importer(815301076,1909f56bfc062723c751e8b465ee728b)  -> (artifact id: '6522c3cda75d933da16631467dd2e51c') in 0.034200 seconds
  Import took 0.040637 seconds .

========================================================================
Received Import Request.
  Time since last request: 0.000375 seconds.
  path: Assets/_Game/Prefabs/TowerAOE.prefab
  artifactKey: Guid(8ac00e29a4cb31a48ae26ea38bffeab3) Importer(815301076,1909f56bfc062723c751e8b465ee728b)
Start importing Assets/_Game/Prefabs/TowerAOE.prefab using Guid(8ac00e29a4cb31a48ae26ea38bffeab3) Importer(815301076,1909f56bfc062723c751e8b465ee728b)  -> (artifact id: 'ae1e49c6dce98fddabf20ca5f325c92f') in 0.016036 seconds
  Import took 0.020797 seconds .

========================================================================
Received Import Request.
  Time since last request: 2.830142 seconds.
  path: Assets/_Game/Prefabs/Tile.prefab
  artifactKey: Guid(5cd31116a57a9e348ac569f0849862b5) Importer(815301076,1909f56bfc062723c751e8b465ee728b)
Start importing Assets/_Game/Prefabs/Tile.prefab using Guid(5cd31116a57a9e348ac569f0849862b5) Importer(815301076,1909f56bfc062723c751e8b465ee728b)  -> (artifact id: '0407ace8fd3e6133af8044f5b82f209c') in 0.024874 seconds
  Import took 0.030711 seconds .

========================================================================
Received Import Request.
  Time since last request: 0.000309 seconds.
  path: Assets/_Game/Prefabs/TowerAOE.prefab
  artifactKey: Guid(8ac00e29a4cb31a48ae26ea38bffeab3) Importer(815301076,1909f56bfc062723c751e8b465ee728b)
Start importing Assets/_Game/Prefabs/TowerAOE.prefab using Guid(8ac00e29a4cb31a48ae26ea38bffeab3) Importer(815301076,1909f56bfc062723c751e8b465ee728b)  -> (artifact id: 'ca5ec48ab89dacd2b95b5a9c0d6f5da3') in 0.013744 seconds
  Import took 0.016769 seconds .

========================================================================
Received Import Request.
  Time since last request: 2.799012 seconds.
  path: Assets/_Game/Prefabs/Tile.prefab
  artifactKey: Guid(5cd31116a57a9e348ac569f0849862b5) Importer(815301076,1909f56bfc062723c751e8b465ee728b)
Start importing Assets/_Game/Prefabs/Tile.prefab using Guid(5cd31116a57a9e348ac569f0849862b5) Importer(815301076,1909f56bfc062723c751e8b465ee728b)  -> (artifact id: '6cca472051f885760fc96ae84ecca50b') in 0.017563 seconds
  Import took 0.023501 seconds .

========================================================================
Received Import Request.
  Time since last request: 0.001468 seconds.
  path: Assets/_Game/Prefabs/TowerAOE.prefab
  artifactKey: Guid(8ac00e29a4cb31a48ae26ea38bffeab3) Importer(815301076,1909f56bfc062723c751e8b465ee728b)
Start importing Assets/_Game/Prefabs/TowerAOE.prefab using Guid(8ac00e29a4cb31a48ae26ea38bffeab3) Importer(815301076,1909f56bfc062723c751e8b465ee728b)  -> (artifact id: 'f7823e3f17aca76b72c50f6b980885d8') in 0.024946 seconds
  Import took 0.028081 seconds .

========================================================================
Received Import Request.
  Time since last request: 10.249953 seconds.
  path: Assets/_Game/Prefabs/Tile.prefab
  artifactKey: Guid(5cd31116a57a9e348ac569f0849862b5) Importer(815301076,1909f56bfc062723c751e8b465ee728b)
Start importing Assets/_Game/Prefabs/Tile.prefab using Guid(5cd31116a57a9e348ac569f0849862b5) Importer(815301076,1909f56bfc062723c751e8b465ee728b)  -> (artifact id: 'c5ebab89d2d43901063970d06839de17') in 0.023461 seconds
  Import took 0.029196 seconds .

========================================================================
Received Import Request.
  Time since last request: 0.000412 seconds.
  path: Assets/_Game/Prefabs/TowerAOE.prefab
  artifactKey: Guid(8ac00e29a4cb31a48ae26ea38bffeab3) Importer(815301076,1909f56bfc062723c751e8b465ee728b)
Start importing Assets/_Game/Prefabs/TowerAOE.prefab using Guid(8ac00e29a4cb31a48ae26ea38bffeab3) Importer(815301076,1909f56bfc062723c751e8b465ee728b)  -> (artifact id: 'e8b9215d267ffe7b3aef0b89e8870a92') in 0.018558 seconds
  Import took 0.020994 seconds .

========================================================================
Received Prepare
Registering precompiled user dll's ...
Registered in 0.000768 seconds.
Begin MonoManager ReloadAssembly
Native extension for WindowsStandalone target not found
Native extension for WebGL target not found
Refreshing native plugins compatible for Editor in 0.44 ms, found 0 plugins.
Preloading 0 native plugins for Editor in 0.00 ms.
Invoked RoslynAnalysisRunner static constructor.
RoslynAnalysisRunner will not be running.
RoslynAnalysisRunner has terminated.
Mono: successfully reloaded assembly
- Completed reload, in  1.721 seconds
Platform modules already initialized, skipping
Refreshing native plugins compatible for Editor in 0.43 ms, found 0 plugins.
Preloading 0 native plugins for Editor in 0.00 ms.
Unloading 1192 Unused Serialized files (Serialized files now loaded: 0)
System memory in use before: 79.1 MB.
System memory in use after: 79.2 MB.

Unloading 5 unused Assets to reduce memory usage. Loaded Objects now: 1710.
Total: 4.048400 ms (FindLiveObjects: 1.335600 ms CreateObjectMapping: 0.207300 ms MarkObjects: 2.471600 ms  DeleteObjects: 0.021400 ms)

========================================================================
Received Import Request.
  Time since last request: 38.702019 seconds.
  path: Assets/_Game/Prefabs/Tile.prefab
  artifactKey: Guid(5cd31116a57a9e348ac569f0849862b5) Importer(815301076,1909f56bfc062723c751e8b465ee728b)
Start importing Assets/_Game/Prefabs/Tile.prefab using Guid(5cd31116a57a9e348ac569f0849862b5) Importer(815301076,1909f56bfc062723c751e8b465ee728b)  -> (artifact id: '16a93aa415226c70706f2deaff693ac3') in 0.126690 seconds
  Import took 0.130940 seconds .

========================================================================
Received Import Request.
  Time since last request: 0.000377 seconds.
  path: Assets/_Game/Prefabs/TowerAOE.prefab
  artifactKey: Guid(8ac00e29a4cb31a48ae26ea38bffeab3) Importer(815301076,1909f56bfc062723c751e8b465ee728b)
Start importing Assets/_Game/Prefabs/TowerAOE.prefab using Guid(8ac00e29a4cb31a48ae26ea38bffeab3) Importer(815301076,1909f56bfc062723c751e8b465ee728b)  -> (artifact id: 'f39959501666a689091cce268644dc64') in 0.013532 seconds
  Import took 0.016829 seconds .

========================================================================
Received Import Request.
  Time since last request: 2.764287 seconds.
  path: Assets/_Game/Prefabs/Tile.prefab
  artifactKey: Guid(5cd31116a57a9e348ac569f0849862b5) Importer(815301076,1909f56bfc062723c751e8b465ee728b)
Start importing Assets/_Game/Prefabs/Tile.prefab using Guid(5cd31116a57a9e348ac569f0849862b5) Importer(815301076,1909f56bfc062723c751e8b465ee728b)  -> (artifact id: '9a2fe704716da5ddab023f276a2973e7') in 0.023765 seconds
  Import took 0.029218 seconds .

========================================================================
Received Import Request.
  Time since last request: 0.000387 seconds.
  path: Assets/_Game/Prefabs/TowerAOE.prefab
  artifactKey: Guid(8ac00e29a4cb31a48ae26ea38bffeab3) Importer(815301076,1909f56bfc062723c751e8b465ee728b)
Start importing Assets/_Game/Prefabs/TowerAOE.prefab using Guid(8ac00e29a4cb31a48ae26ea38bffeab3) Importer(815301076,1909f56bfc062723c751e8b465ee728b)  -> (artifact id: '188cd2bdfc065ffb9db2a3a4c4d3af80') in 0.010535 seconds
  Import took 0.013081 seconds .

========================================================================
Received Import Request.
  Time since last request: 9.229172 seconds.
  path: Assets/_Game/Prefabs/Tile.prefab
  artifactKey: Guid(5cd31116a57a9e348ac569f0849862b5) Importer(815301076,1909f56bfc062723c751e8b465ee728b)
Start importing Assets/_Game/Prefabs/Tile.prefab using Guid(5cd31116a57a9e348ac569f0849862b5) Importer(815301076,1909f56bfc062723c751e8b465ee728b)  -> (artifact id: '1d3e556254a2212ad20b9d36f147b0aa') in 0.027645 seconds
  Import took 0.030805 seconds .

========================================================================
Received Import Request.
  Time since last request: 0.000320 seconds.
  path: Assets/_Game/Prefabs/TowerAOE.prefab
  artifactKey: Guid(8ac00e29a4cb31a48ae26ea38bffeab3) Importer(815301076,1909f56bfc062723c751e8b465ee728b)
Start importing Assets/_Game/Prefabs/TowerAOE.prefab using Guid(8ac00e29a4cb31a48ae26ea38bffeab3) Importer(815301076,1909f56bfc062723c751e8b465ee728b)  -> (artifact id: '8d48e655aa5d96cc283c2bc56d3a0acc') in 0.014019 seconds
  Import took 0.016945 seconds .

========================================================================
Received Import Request.
  Time since last request: 5.937791 seconds.
  path: Assets/_Game/Prefabs/Tile.prefab
  artifactKey: Guid(5cd31116a57a9e348ac569f0849862b5) Importer(815301076,1909f56bfc062723c751e8b465ee728b)
Start importing Assets/_Game/Prefabs/Tile.prefab using Guid(5cd31116a57a9e348ac569f0849862b5) Importer(815301076,1909f56bfc062723c751e8b465ee728b)  -> (artifact id: '5c505f8b3bcf8e94fdf4b27cbc4475a9') in 0.026804 seconds
  Import took 0.030368 seconds .

========================================================================
Received Import Request.
  Time since last request: 0.000368 seconds.
  path: Assets/_Game/Prefabs/TowerAOE.prefab
  artifactKey: Guid(8ac00e29a4cb31a48ae26ea38bffeab3) Importer(815301076,1909f56bfc062723c751e8b465ee728b)
Start importing Assets/_Game/Prefabs/TowerAOE.prefab using Guid(8ac00e29a4cb31a48ae26ea38bffeab3) Importer(815301076,1909f56bfc062723c751e8b465ee728b)  -> (artifact id: '283983f93e41e60593f5b0fab8c9648c') in 0.011487 seconds
  Import took 0.014893 seconds .

========================================================================
Received Prepare
Registering precompiled user dll's ...
Registered in 0.000570 seconds.
Begin MonoManager ReloadAssembly
Native extension for WindowsStandalone target not found
Native extension for WebGL target not found
Refreshing native plugins compatible for Editor in 0.39 ms, found 0 plugins.
Preloading 0 native plugins for Editor in 0.00 ms.
Invoked RoslynAnalysisRunner static constructor.
RoslynAnalysisRunner will not be running.
RoslynAnalysisRunner has terminated.
Mono: successfully reloaded assembly
- Completed reload, in  1.052 seconds
Platform modules already initialized, skipping
Refreshing native plugins compatible for Editor in 0.28 ms, found 0 plugins.
Preloading 0 native plugins for Editor in 0.00 ms.
Unloading 1192 Unused Serialized files (Serialized files now loaded: 0)
System memory in use before: 79.1 MB.
System memory in use after: 79.2 MB.

Unloading 5 unused Assets to reduce memory usage. Loaded Objects now: 1714.
Total: 2.068500 ms (FindLiveObjects: 0.218500 ms CreateObjectMapping: 0.041700 ms MarkObjects: 1.787200 ms  DeleteObjects: 0.019200 ms)

========================================================================
Received Prepare
Registering precompiled user dll's ...
Registered in 0.000826 seconds.
Begin MonoManager ReloadAssembly
Native extension for WindowsStandalone target not found
Native extension for WebGL target not found
Refreshing native plugins compatible for Editor in 0.50 ms, found 0 plugins.
Preloading 0 native plugins for Editor in 0.00 ms.
Invoked RoslynAnalysisRunner static constructor.
RoslynAnalysisRunner will not be running.
RoslynAnalysisRunner has terminated.
Mono: successfully reloaded assembly
- Completed reload, in  1.010 seconds
Platform modules already initialized, skipping
Refreshing native plugins compatible for Editor in 0.26 ms, found 0 plugins.
Preloading 0 native plugins for Editor in 0.00 ms.
Unloading 1192 Unused Serialized files (Serialized files now loaded: 0)
System memory in use before: 79.2 MB.
System memory in use after: 79.3 MB.

Unloading 4 unused Assets to reduce memory usage. Loaded Objects now: 1717.
Total: 4.364300 ms (FindLiveObjects: 0.239700 ms CreateObjectMapping: 0.048500 ms MarkObjects: 4.034600 ms  DeleteObjects: 0.040400 ms)

========================================================================
Received Import Request.
  Time since last request: 168.821525 seconds.
  path: Assets/_Game/Prefabs/TowerAOE.prefab
  artifactKey: Guid(8ac00e29a4cb31a48ae26ea38bffeab3) Importer(815301076,1909f56bfc062723c751e8b465ee728b)
Start importing Assets/_Game/Prefabs/TowerAOE.prefab using Guid(8ac00e29a4cb31a48ae26ea38bffeab3) Importer(815301076,1909f56bfc062723c751e8b465ee728b)  -> (artifact id: '4a5dcf8a6e277bf38a27fefd4f2a5f26') in 0.073478 seconds
  Import took 0.077299 seconds .

========================================================================
Received Import Request.
  Time since last request: 0.000255 seconds.
  path: Assets/_Game/Prefabs/Tile.prefab
  artifactKey: Guid(5cd31116a57a9e348ac569f0849862b5) Importer(815301076,1909f56bfc062723c751e8b465ee728b)
Start importing Assets/_Game/Prefabs/Tile.prefab using Guid(5cd31116a57a9e348ac569f0849862b5) Importer(815301076,1909f56bfc062723c751e8b465ee728b)  -> (artifact id: '95b5a01156b7014080a7e54b743fb59f') in 0.029891 seconds
  Import took 0.034283 seconds .

========================================================================
Received Prepare
Registering precompiled user dll's ...
Registered in 0.001433 seconds.
Begin MonoManager ReloadAssembly
Native extension for WindowsStandalone target not found
Native extension for WebGL target not found
Refreshing native plugins compatible for Editor in 0.35 ms, found 0 plugins.
Preloading 0 native plugins for Editor in 0.00 ms.
Invoked RoslynAnalysisRunner static constructor.
RoslynAnalysisRunner will not be running.
RoslynAnalysisRunner has terminated.
Mono: successfully reloaded assembly
- Completed reload, in  1.152 seconds
Platform modules already initialized, skipping
Refreshing native plugins compatible for Editor in 0.25 ms, found 0 plugins.
Preloading 0 native plugins for Editor in 0.00 ms.
Unloading 1192 Unused Serialized files (Serialized files now loaded: 0)
System memory in use before: 79.3 MB.
System memory in use after: 79.4 MB.

Unloading 5 unused Assets to reduce memory usage. Loaded Objects now: 1721.
Total: 2.492800 ms (FindLiveObjects: 0.427000 ms CreateObjectMapping: 0.112400 ms MarkObjects: 1.928400 ms  DeleteObjects: 0.023400 ms)

========================================================================
Received Prepare
Registering precompiled user dll's ...
Registered in 0.000608 seconds.
Begin MonoManager ReloadAssembly
Native extension for WindowsStandalone target not found
Native extension for WebGL target not found
Refreshing native plugins compatible for Editor in 0.25 ms, found 0 plugins.
Preloading 0 native plugins for Editor in 0.00 ms.
Invoked RoslynAnalysisRunner static constructor.
RoslynAnalysisRunner will not be running.
RoslynAnalysisRunner has terminated.
Mono: successfully reloaded assembly
- Completed reload, in  1.103 seconds
Platform modules already initialized, skipping
Refreshing native plugins compatible for Editor in 0.30 ms, found 0 plugins.
Preloading 0 native plugins for Editor in 0.00 ms.
Unloading 1192 Unused Serialized files (Serialized files now loaded: 0)
System memory in use before: 79.3 MB.
System memory in use after: 79.4 MB.

Unloading 4 unused Assets to reduce memory usage. Loaded Objects now: 1724.
Total: 2.719600 ms (FindLiveObjects: 0.299900 ms CreateObjectMapping: 0.086000 ms MarkObjects: 2.158900 ms  DeleteObjects: 0.170900 ms)

========================================================================
Received Prepare
Refreshing native plugins compatible for Editor in 1.58 ms, found 0 plugins.
Preloading 0 native plugins for Editor in 0.00 ms.
Unloading 2 Unused Serialized files (Serialized files now loaded: 0)
System memory in use before: 55.7 MB.
System memory in use after: 55.8 MB.

Unloading 2 unused Assets to reduce memory usage. Loaded Objects now: 1724.
Total: 5.833300 ms (FindLiveObjects: 0.361500 ms CreateObjectMapping: 0.122100 ms MarkObjects: 5.320600 ms  DeleteObjects: 0.026000 ms)

